2022-02-18 12:23:02,208 [Worker-0] INFO  c.g.t.t.d.PublishedGradleVersions - Gradle version information cache is out-of-date. Trying to update.
2022-02-18 12:31:41,696 [Worker-24] INFO  o.e.m.c.i.l.LifecycleMappingFactory - Using org.eclipse.m2e.jdt.JarLifecycleMapping lifecycle mapping for MavenProject: com.gk.test:gktestframewrok:2.0 @ C:\selenium_bdd\pom.xml.
2022-02-18 12:31:41,696 [Worker-6] INFO  o.e.m.c.i.l.LifecycleMappingFactory - Using org.eclipse.m2e.jdt.JarLifecycleMapping lifecycle mapping for MavenProject: com.gk.test:gktestframewrok:2.0 @ C:\selenium_bdd\pom.xml.
2022-02-18 12:31:43,482 [Worker-24] WARN  o.e.m.c.i.embedder.EclipseLogger - The artifact org.apache.commons:commons-io:jar:1.3.2 has been relocated to commons-io:commons-io:jar:1.3.2
2022-02-18 12:31:43,483 [Worker-6] WARN  o.e.m.c.i.embedder.EclipseLogger - The artifact org.apache.commons:commons-io:jar:1.3.2 has been relocated to commons-io:commons-io:jar:1.3.2
2022-02-18 12:31:44,282 [Worker-24] INFO  o.e.m.c.i.embedder.EclipseLogger - Using 'UTF-8' encoding to copy filtered resources.
2022-02-18 12:31:44,288 [Worker-24] INFO  o.e.m.c.i.embedder.EclipseLogger - Copying 14 resources
2022-02-18 12:31:44,337 [Worker-24] INFO  o.e.m.c.i.embedder.EclipseLogger - Using 'UTF-8' encoding to copy filtered resources.
2022-02-18 12:31:44,338 [Worker-24] INFO  o.e.m.c.i.embedder.EclipseLogger - Copying 14 resources
2022-02-18 12:31:46,029 [Worker-21] INFO  o.e.m.c.i.l.LifecycleMappingFactory - Using org.eclipse.m2e.jdt.JarLifecycleMapping lifecycle mapping for MavenProject: com.gk.test:gktestframewrok:2.0 @ C:\selenium_bdd\pom.xml.
2022-02-18 12:31:46,911 [Worker-20] WARN  o.e.m.c.i.embedder.EclipseLogger - The artifact org.apache.commons:commons-io:jar:1.3.2 has been relocated to commons-io:commons-io:jar:1.3.2
2022-02-18 12:31:46,913 [Worker-21] WARN  o.e.m.c.i.embedder.EclipseLogger - The artifact org.apache.commons:commons-io:jar:1.3.2 has been relocated to commons-io:commons-io:jar:1.3.2
2022-02-18 12:31:47,191 [Worker-20] INFO  o.e.m.c.i.embedder.EclipseLogger - Using 'UTF-8' encoding to copy filtered resources.
2022-02-18 12:31:47,201 [Worker-20] INFO  o.e.m.c.i.embedder.EclipseLogger - Copying 14 resources
2022-02-18 12:31:47,244 [Worker-20] INFO  o.e.m.c.i.embedder.EclipseLogger - Using 'UTF-8' encoding to copy filtered resources.
2022-02-18 12:31:47,248 [Worker-20] INFO  o.e.m.c.i.embedder.EclipseLogger - Copying 14 resources
2022-02-18 12:31:49,119 [Worker-20] WARN  o.e.m.c.i.embedder.EclipseLogger - The artifact org.apache.commons:commons-io:jar:1.3.2 has been relocated to commons-io:commons-io:jar:1.3.2
2022-02-18 12:31:49,188 [Worker-20] INFO  o.e.m.c.i.embedder.EclipseLogger - Using 'UTF-8' encoding to copy filtered resources.
2022-02-18 12:31:49,188 [Worker-20] INFO  o.e.m.c.i.embedder.EclipseLogger - Copying 0 resource
2022-02-18 12:31:49,190 [Worker-20] INFO  o.e.m.c.i.embedder.EclipseLogger - Using 'UTF-8' encoding to copy filtered resources.
2022-02-18 12:31:49,190 [Worker-20] INFO  o.e.m.c.i.embedder.EclipseLogger - Copying 0 resource
